<?xml version="1.0" encoding="UTF-8"?>
<testsuite name="com.project.it.service.MemberServiceTests" tests="1" skipped="0" failures="0" errors="0" timestamp="2024-11-01T01:06:43" hostname="10-5" time="1.695">
  <properties/>
  <testcase name="testRegister()" classname="com.project.it.service.MemberServiceTests" time="1.695"/>
  <system-out><![CDATA[10:06:32.966 [Test worker] INFO org.springframework.test.context.support.AnnotationConfigContextLoaderUtils -- Could not detect default configuration classes for test class [com.project.it.service.MemberServiceTests]: MemberServiceTests does not declare any static, non-private, non-final, nested classes annotated with @Configuration.
10:06:33.230 [Test worker] INFO org.springframework.boot.test.context.SpringBootTestContextBootstrapper -- Found @SpringBootConfiguration com.project.it.ProjectitApplication for test class com.project.it.service.MemberServiceTests
 _|    _|                  _|            _|      _|        _|_|    _|      _|  _|_|_|_|      _|_|_|_|_|  _|_|_|_|    _|_|    _|      _|
 _|  _|                    _|              _|  _|        _|    _|  _|_|    _|  _|                _|      _|        _|    _|  _|_|  _|_|
 _|_|    _|_|_|_|_|        _|  _|_|_|_|_|    _|          _|    _|  _|  _|  _|  _|_|_|            _|      _|_|_|    _|_|_|_|  _|  _|  _|
 _|  _|              _|    _|                _|          _|    _|  _|    _|_|  _|                _|      _|        _|    _|  _|      _|
 _|    _|              _|_|                  _|            _|_|    _|      _|  _|_|_|_|          _|      _|_|_|_|  _|    _|  _|      _|


 
Powered by Spring Boot 3.2.11
2024-11-01T10:06:34.118+09:00  INFO 2304 --- [projectit] [    Test worker] c.project.it.service.MemberServiceTests  : Starting MemberServiceTests using Java 17.0.12 with PID 2304 (started by kkw in D:\workspace\projectit)
2024-11-01T10:06:34.120+09:00  INFO 2304 --- [projectit] [    Test worker] c.project.it.service.MemberServiceTests  : No active profile set, falling back to 1 default profile: "default"
2024-11-01T10:06:35.589+09:00  INFO 2304 --- [projectit] [    Test worker] .s.d.r.c.RepositoryConfigurationDelegate : Bootstrapping Spring Data JPA repositories in DEFAULT mode.
2024-11-01T10:06:35.744+09:00  INFO 2304 --- [projectit] [    Test worker] .s.d.r.c.RepositoryConfigurationDelegate : Finished Spring Data repository scanning in 138 ms. Found 4 JPA repository interfaces.
2024-11-01T10:06:36.886+09:00  INFO 2304 --- [projectit] [    Test worker] o.hibernate.jpa.internal.util.LogHelper  : HHH000204: Processing PersistenceUnitInfo [name: default]
2024-11-01T10:06:37.021+09:00  INFO 2304 --- [projectit] [    Test worker] org.hibernate.Version                    : HHH000412: Hibernate ORM core version 6.4.10.Final
2024-11-01T10:06:37.111+09:00  INFO 2304 --- [projectit] [    Test worker] o.h.c.internal.RegionFactoryInitiator    : HHH000026: Second-level cache disabled
2024-11-01T10:06:37.625+09:00  INFO 2304 --- [projectit] [    Test worker] o.s.o.j.p.SpringPersistenceUnitInfo      : No LoadTimeWeaver setup: ignoring JPA class transformer
2024-11-01T10:06:37.693+09:00  INFO 2304 --- [projectit] [    Test worker] com.zaxxer.hikari.HikariDataSource       : HikariPool-1 - Starting...
2024-11-01T10:06:37.941+09:00  INFO 2304 --- [projectit] [    Test worker] com.zaxxer.hikari.pool.HikariPool        : HikariPool-1 - Added connection org.mariadb.jdbc.Connection@15d79b70
2024-11-01T10:06:37.944+09:00  INFO 2304 --- [projectit] [    Test worker] com.zaxxer.hikari.HikariDataSource       : HikariPool-1 - Start completed.
2024-11-01T10:06:39.676+09:00  INFO 2304 --- [projectit] [    Test worker] o.h.e.t.j.p.i.JtaPlatformInitiator       : HHH000489: No JTA platform available (set 'hibernate.transaction.jta.platform' to enable JTA platform integration)
2024-11-01T10:06:39.880+09:00  INFO 2304 --- [projectit] [    Test worker] j.LocalContainerEntityManagerFactoryBean : Initialized JPA EntityManagerFactory for persistence unit 'default'
2024-11-01T10:06:40.455+09:00  INFO 2304 --- [projectit] [    Test worker] o.s.d.j.r.query.QueryEnhancerFactory     : Hibernate is in classpath; If applicable, HQL parser will be used.
2024-11-01T10:06:41.387+09:00  INFO 2304 --- [projectit] [    Test worker] com.project.it.util.CustomFileUtil       : --------------업로드 경로 : D:\workspace\projectit\upload
2024-11-01T10:06:41.477+09:00  WARN 2304 --- [projectit] [    Test worker] JpaBaseConfiguration$JpaWebConfiguration : spring.jpa.open-in-view is enabled by default. Therefore, database queries may be performed during view rendering. Explicitly configure spring.jpa.open-in-view to disable this warning
2024-11-01T10:06:41.714+09:00  INFO 2304 --- [projectit] [    Test worker] c.p.it.config.CustomSecurityConfig       : ===================== security config =======================
2024-11-01T10:06:41.760+09:00  INFO 2304 --- [projectit] [    Test worker] c.p.it.config.CustomSecurityConfig       : org.springframework.security.config.annotation.web.configurers.FormLoginConfigurer@343b3399
2024-11-01T10:06:41.830+09:00  INFO 2304 --- [projectit] [    Test worker] o.s.s.web.DefaultSecurityFilterChain     : Will secure any request with [org.springframework.security.web.session.DisableEncodeUrlFilter@cbf9cc1, org.springframework.security.web.context.request.async.WebAsyncManagerIntegrationFilter@4ae93e38, org.springframework.security.web.context.SecurityContextHolderFilter@1e8fd198, org.springframework.security.web.header.HeaderWriterFilter@7ed0e5db, org.springframework.web.filter.CorsFilter@6ddeeb78, org.springframework.security.web.authentication.logout.LogoutFilter@260af8f7, com.project.it.security.filter.JWTCheckFilter@71549247, org.springframework.security.web.authentication.UsernamePasswordAuthenticationFilter@7e9b68c5, org.springframework.security.web.savedrequest.RequestCacheAwareFilter@1631a614, org.springframework.security.web.servletapi.SecurityContextHolderAwareRequestFilter@dcc7d1c, org.springframework.security.web.authentication.AnonymousAuthenticationFilter@17d5138, org.springframework.security.web.session.SessionManagementFilter@5c91b751, org.springframework.security.web.access.ExceptionTranslationFilter@d012e18]
2024-11-01T10:06:43.102+09:00  INFO 2304 --- [projectit] [    Test worker] c.project.it.service.MemberServiceTests  : Started MemberServiceTests in 9.462 seconds (process running for 11.906)
Hibernate: 
    select
        next value for member_seq
Hibernate: 
    insert 
    into
        member
        (email, pw, start_date, mno) 
    values
        (?, ?, ?, ?)
Hibernate: 
    select
        m1_0.mno,
        m1_0.email,
        mrl1_0.member_mno,
        mrl1_0.member_role_list,
        m1_0.pw,
        m1_0.start_date 
    from
        member m1_0 
    left join
        member_member_role_list mrl1_0 
            on m1_0.mno=mrl1_0.member_mno 
    where
        m1_0.email=?
Hibernate: 
    select
        ms1_0.mno,
        ms1_0.antecedents,
        ms1_0.birth,
        ms1_0.children_count,
        ms1_0.education,
        ms1_0.marital_status,
        ms1_0.name,
        ms1_0.qualifications,
        ms1_0.sex,
        ms1_0.tel 
    from
        member_status ms1_0 
    where
        ms1_0.mno=?
Hibernate: 
    insert 
    into
        member_status
        (antecedents, birth, children_count, education, marital_status, name, qualifications, sex, tel, mno) 
    values
        (?, ?, ?, ?, ?, ?, ?, ?, ?, ?)
]]></system-out>
  <system-err><![CDATA[]]></system-err>
</testsuite>
